Fusion process begins...
...
Parsing the first graph...
Parsing done !

Parsing differences list...
Adding triple : http://www.mycorporisfabrica.org/ontology/mcf.owl#Left_Tibiofemoral_joint || http://www.mycorporisfabrica.org/ontology/mcf.owl#LeftSubClassOf || http://www.mycorporisfabrica.org/ontology/mcf.owl#Tibiofemoral_joint
Adding triple : http://www.mycorporisfabrica.org/ontology/mcf.owl#Tibiofemoral_joint || http://www.w3.org/2000/01/rdf-schema#subClassOf || http://www.mycorporisfabrica.org/ontology/mcf.owl#Knee_joints
Adding triple : http://www.mycorporisfabrica.org/ontology/mcf.owl#left_Patellofemoral_joint || http://www.w3.org/2000/01/rdf-schema#subClassOf || http://www.mycorporisfabrica.org/ontology/mcf.owl#Left_knee_joint
Adding triple : http://www.mycorporisfabrica.org/ontology/mcf.owl#Left_hip_bone || http://www.mycorporisfabrica.org/ontology/mcf.owl#PartOf || http://www.mycorporisfabrica.org/ontology/mcf.owl#Left_anterior_superior_iliac_spine
Adding triple : http://www.mycorporisfabrica.org/ontology/mcf.owl#Right_Patellofemoral_joint || http://www.w3.org/2000/01/rdf-schema#subClassOf || http://www.mycorporisfabrica.org/ontology/mcf.owl#Right_knee_joint
Adding triple : http://www.mycorporisfabrica.org/ontology/mcf.owl#Right_Patellofemoral_joint || http://www.mycorporisfabrica.org/ontology/mcf.owl#RightSubClassOf || http://www.mycorporisfabrica.org/ontology/mcf.owl#Patellofemoral_joint
Adding triple : http://www.mycorporisfabrica.org/ontology/mcf.owl#left_Patellofemoral_joint || http://www.mycorporisfabrica.org/ontology/mcf.owl#LeftSubClassOf || http://www.mycorporisfabrica.org/ontology/mcf.owl#Patellofemoral_joint
Adding triple : http://www.mycorporisfabrica.org/ontology/mcf.owl#Left_knee_joint || http://www.mycorporisfabrica.org/ontology/mcf.owl#LeftSubClassOf || http://www.mycorporisfabrica.org/ontology/mcf.owl#Knee_joints
Adding triple : http://www.mycorporisfabrica.org/ontology/mcf.owl#Patellofemoral_joint || http://www.w3.org/2000/01/rdf-schema#subClassOf || http://www.mycorporisfabrica.org/ontology/mcf.owl#Knee_joints
Adding triple : http://www.mycorporisfabrica.org/ontology/mcf.owl#Right_Tibiofemoral_joint || http://www.mycorporisfabrica.org/ontology/mcf.owl#RightSubClassOf || http://www.mycorporisfabrica.org/ontology/mcf.owl#Tibiofemoral_joint
Adding triple : http://www.mycorporisfabrica.org/ontology/mcf.owl#Right_Tibiofemoral_joint || http://www.w3.org/2000/01/rdf-schema#subClassOf || http://www.mycorporisfabrica.org/ontology/mcf.owl#Right_knee_joint
Adding triple : http://www.mycorporisfabrica.org/ontology/mcf.owl#Left_anterior_superior_iliac_spine || http://www.mycorporisfabrica.org/ontology/mcf.owl#InsertOn || http://www.mycorporisfabrica.org/ontology/mcf.owl#Proximal_tendon_of_left_sartorius
Parsing done !

Parsing triples to remove from the final graph...
Removing triple : http://www.mycorporisfabrica.org/ontology/mcf.owl#Right_knee_joint || http://www.mycorporisfabrica.org/ontology/mcf.owl#RightSubClassOf || http://www.mycorporisfabrica.org/ontology/mcf.owl#Knee_joints
Removing triple : http://www.mycorporisfabrica.org/ontology/mcf.owl#Right_knee_joint || http://www.mycorporisfabrica.org/ontology/mcf.owl#RightSubClassOf || http://www.mycorporisfabrica.org/ontology/mcf.owl#Knee_joints
Removing triple : http://www.mycorporisfabrica.org/ontology/mcf.owl#Left_Tibiofemoral_joint || http://www.w3.org/2000/01/rdf-schema#subClassOf || http://www.mycorporisfabrica.org/ontology/mcf.owl#Left_knee_joint
Removing triple : http://www.mycorporisfabrica.org/ontology/mcf.owl#Proximal_tendon_of_left_sartorius || http://www.mycorporisfabrica.org/ontology/mcf.owl#PartOf || http://www.mycorporisfabrica.org/ontology/mcf.owl#Left_sartorius
Parsing done !

Final merge processing...
Merge process complete !

Saving the ontology...
Saving done !

Fusion advanced complete.

Fusion advanced executing time : 0 hours, 0 minutes, 0 seconds, 33 milliseconds.
