Saturation begins...
...
Parsing ontology : /home/lily/Informatique/M1/TER/PyQt-Tool/OntologyTool/tests/testRDFlib.rdf...
...
Parsing done !

Ontology's size before saturating process : 12 triples
	Loop 1 in progress...
	Size at beginning of loop: 12
		Rule 1 in progress...
		Rule 1 added 3 triples !

		Rule 2 in progress...
		Rule 2 added 0 triples !

		Rule 3 in progress...
		Rule 3 added 0 triples !

		Rule 4 in progress...
		Rule 4 added 0 triples !

		Rule 5 in progress...
		Rule 5 added 0 triples !

		Rule 6 in progress...
		Rule 6 added 0 triples !

		Rule 7 in progress...
		Rule 7 added 0 triples !

		Rule 8 in progress...
		Rule 8 added 0 triples !

		Rule 9 in progress...
		Rule 9 added 0 triples !

		Rule 10 in progress...
		Rule 10 added 0 triples !

		Rule 11 in progress...
		Rule 11 added 0 triples !

		Rule 12 in progress...
		Rule 12 added 0 triples !

		Rule 13 in progress...
		Rule 13 added 3 triples !

		Rule 14 in progress...
		Rule 14 added 3 triples !

		Rule 15 in progress...
		Rule 15 added 0 triples !

		Rule 16 in progress...
		Rule 16 added 0 triples !

		Rule 17 in progress...
		Rule 17 added 0 triples !

		Rule 18 in progress...
		Rule 18 added 0 triples !

		Rule 19 in progress...
		Rule 19 added 0 triples !

		Rule 20 in progress...
		Rule 20 added 0 triples !

	Loop 1 done !

	Loop 2 in progress...
	Size at beginning of loop: 21
		Rule 1 in progress...
		Rule 1 added 1 triples !

		Rule 2 in progress...
		Rule 2 added 0 triples !

		Rule 3 in progress...
		Rule 3 added 0 triples !

		Rule 4 in progress...
		Rule 4 added 0 triples !

		Rule 5 in progress...
		Rule 5 added 0 triples !

		Rule 6 in progress...
		Rule 6 added 0 triples !

		Rule 7 in progress...
		Rule 7 added 0 triples !

		Rule 8 in progress...
		Rule 8 added 4 triples !

		Rule 9 in progress...
		Rule 9 added 0 triples !

		Rule 10 in progress...
		Rule 10 added 0 triples !

		Rule 11 in progress...
		Rule 11 added 0 triples !

		Rule 12 in progress...
		Rule 12 added 0 triples !

		Rule 13 in progress...
		Rule 13 added 0 triples !

		Rule 14 in progress...
		Rule 14 added 0 triples !

		Rule 15 in progress...
		Rule 15 added 0 triples !

		Rule 16 in progress...
		Rule 16 added 0 triples !

		Rule 17 in progress...
		Rule 17 added 0 triples !

		Rule 18 in progress...
		Rule 18 added 0 triples !

		Rule 19 in progress...
		Rule 19 added 0 triples !

		Rule 20 in progress...
		Rule 20 added 0 triples !

	Loop 2 done !

	Loop 3 in progress...
	Size at beginning of loop: 26
		Rule 1 in progress...
		Rule 1 added 0 triples !

		Rule 2 in progress...
		Rule 2 added 0 triples !

		Rule 3 in progress...
		Rule 3 added 0 triples !

		Rule 4 in progress...
		Rule 4 added 0 triples !

		Rule 5 in progress...
		Rule 5 added 0 triples !

		Rule 6 in progress...
		Rule 6 added 0 triples !

		Rule 7 in progress...
		Rule 7 added 0 triples !

		Rule 8 in progress...
		Rule 8 added 0 triples !

		Rule 9 in progress...
		Rule 9 added 0 triples !

		Rule 10 in progress...
		Rule 10 added 0 triples !

		Rule 11 in progress...
		Rule 11 added 0 triples !

		Rule 12 in progress...
		Rule 12 added 0 triples !

		Rule 13 in progress...
		Rule 13 added 0 triples !

		Rule 14 in progress...
		Rule 14 added 0 triples !

		Rule 15 in progress...
		Rule 15 added 0 triples !

		Rule 16 in progress...
		Rule 16 added 0 triples !

		Rule 17 in progress...
		Rule 17 added 0 triples !

		Rule 18 in progress...
		Rule 18 added 0 triples !

		Rule 19 in progress...
		Rule 19 added 0 triples !

		Rule 20 in progress...
		Rule 20 added 0 triples !

	Loop 3 done !

New size of saturated ontology : 26 triples 
14 triples added to the ontology
Number of loops : 3
Saving the ontology...
Saving done !
Saturation complete.

Executing time : 0 hours, 0 minutes, 0 seconds, 546 milliseconds.
